<?xml version="1.0" encoding="UTF-8"?>
<!-- Generated by org.testng.reporters.JUnitReportReporter -->
<testsuite hostname="ID-0769" name="com.incessant.uiautomation.pages.US31548_TC01_GSC_R4TurfTier1" tests="1" failures="0" timestamp="23 Apr 2018 06:01:26 GMT" time="207.628" errors="0">
  <testcase name="US31548_TC01_GSC_R4TurfTier1" time="207.628" classname="com.incessant.uiautomation.pages.US31548_TC01_GSC_R4TurfTier1"/>
</testsuite> <!-- com.incessant.uiautomation.pages.US31548_TC01_GSC_R4TurfTier1 -->
