<?xml version="1.0" encoding="UTF-8"?>
<!-- Generated by org.testng.reporters.JUnitReportReporter -->
<testsuite hostname="ID-0462" name="com.incessant.uiautomation.pages.Deere_US31551" tests="1" failures="0" timestamp="21 Apr 2018 14:20:18 GMT" time="163.053" errors="0">
  <testcase name="Deere_US31551" time="163.053" classname="com.incessant.uiautomation.pages.Deere_US31551"/>
</testsuite> <!-- com.incessant.uiautomation.pages.Deere_US31551 -->
