<?xml version="1.0" encoding="UTF-8"?>
<!-- Generated by org.testng.reporters.JUnitReportReporter -->
<testsuite hostname="ID-0462" name="com.incessant.uiautomation.pages.RoutingforGSC" tests="1" failures="0" timestamp="16 Apr 2018 07:06:32 GMT" time="109.651" errors="0">
  <testcase name="RoutingRulesfor_GSC_US31497" time="109.651" classname="com.incessant.uiautomation.pages.RoutingforGSC"/>
</testsuite> <!-- com.incessant.uiautomation.pages.RoutingforGSC -->
