<?xml version="1.0" encoding="UTF-8"?>
<!-- Generated by org.testng.reporters.JUnitReportReporter -->
<testsuite hostname="IL-0908" name="com.incessant.uiautomation.pages.ValidateCustomerInfo" tests="1" failures="0" timestamp="9 Apr 2018 10:16:43 GMT" time="89.742" errors="0">
  <testcase name="Validatecustomerinfo" time="89.742" classname="com.incessant.uiautomation.pages.ValidateCustomerInfo"/>
</testsuite> <!-- com.incessant.uiautomation.pages.ValidateCustomerInfo -->
