<?xml version="1.0" encoding="UTF-8"?>
<!-- Generated by org.testng.reporters.JUnitReportReporter -->
<testsuite hostname="ID-0769" name="com.incessant.uiautomation.pages.US21361_TC01_GSC_validateEmail" tests="1" failures="0" timestamp="23 Apr 2018 05:11:20 GMT" time="126.320" errors="0">
  <testcase name="US21361_TC01_GSC_validateEmail" time="126.320" classname="com.incessant.uiautomation.pages.US21361_TC01_GSC_validateEmail"/>
</testsuite> <!-- com.incessant.uiautomation.pages.US21361_TC01_GSC_validateEmail -->
