<?xml version="1.0" encoding="UTF-8"?>
<!-- Generated by org.testng.reporters.JUnitReportReporter -->
<testsuite hostname="IL-0908" name="com.incessant.uiautomation.ISGReopen1" tests="1" failures="0" timestamp="26 Mar 2018 13:39:56 GMT" time="96.440" errors="0">
  <testcase name="casereopen" time="96.440" classname="com.incessant.uiautomation.ISGReopen1"/>
</testsuite> <!-- com.incessant.uiautomation.ISGReopen1 -->
