<?xml version="1.0" encoding="UTF-8"?>
<!-- Generated by org.testng.reporters.JUnitReportReporter -->
<testsuite hostname="IL-0908" name="com.incessant.uiautomation.LoginDeere" tests="1" failures="0" timestamp="25 Mar 2018 07:28:20 GMT" time="58.708" errors="0">
  <testcase name="casereopen" time="58.708" classname="com.incessant.uiautomation.LoginDeere"/>
</testsuite> <!-- com.incessant.uiautomation.LoginDeere -->
