<?xml version="1.0" encoding="UTF-8"?>
<!-- Generated by org.testng.reporters.JUnitReportReporter -->
<testsuite hostname="ID-0769" name="com.incessant.uiautomation.pages.US31540_Stellar_support" tests="1" failures="0" timestamp="23 Apr 2018 07:46:55 GMT" time="163.318" errors="0">
  <testcase name="US31540_Stellar_support" time="163.318" classname="com.incessant.uiautomation.pages.US31540_Stellar_support"/>
</testsuite> <!-- com.incessant.uiautomation.pages.US31540_Stellar_support -->
