<?xml version="1.0" encoding="UTF-8"?>
<!-- Generated by org.testng.reporters.JUnitReportReporter -->
<testsuite hostname="ID-0760" name="com.incessant.uiautomation.pages.TestNewEnrollmentCase" tests="1" failures="0" timestamp="2 Apr 2018 12:53:11 GMT" time="82.059" errors="0">
  <testcase name="createISGCaseByUser" time="82.059" classname="com.incessant.uiautomation.pages.TestNewEnrollmentCase"/>
</testsuite> <!-- com.incessant.uiautomation.pages.TestNewEnrollmentCase -->
