<?xml version="1.0" encoding="UTF-8"?>
<!-- Generated by org.testng.reporters.JUnitReportReporter -->
<testsuite hostname="ID-0769" name="com.incessant.uiautomation.pages.US31544_TC01_GSC_SaharaSouthAfrica" tests="1" failures="0" timestamp="23 Apr 2018 05:27:55 GMT" time="218.569" errors="0">
  <testcase name="US31544_TC01_GSC_SaharaSouthAfrica" time="218.569" classname="com.incessant.uiautomation.pages.US31544_TC01_GSC_SaharaSouthAfrica"/>
</testsuite> <!-- com.incessant.uiautomation.pages.US31544_TC01_GSC_SaharaSouthAfrica -->
