<?xml version="1.0" encoding="UTF-8"?>
<!-- Generated by org.testng.reporters.JUnitReportReporter -->
<testsuite hostname="ID-0760" name="com.Bank.Login" tests="1" failures="0" timestamp="2 Apr 2018 11:08:04 GMT" time="6.695" errors="0">
  <testcase name="assertS" time="6.695" classname="com.Bank.Login"/>
</testsuite> <!-- com.Bank.Login -->
