<?xml version="1.0" encoding="UTF-8"?>
<!-- Generated by org.testng.reporters.JUnitReportReporter -->
<testsuite hostname="ID-0462" name="com.incessant.uiautomation.pages.TestNewGSCCase" tests="1" failures="0" timestamp="13 Apr 2018 08:53:42 GMT" time="47.070" errors="0">
  <testcase name="createGSCCaseByUser_US21375" time="47.070" classname="com.incessant.uiautomation.pages.TestNewGSCCase"/>
</testsuite> <!-- com.incessant.uiautomation.pages.TestNewGSCCase -->
