<?xml version="1.0" encoding="UTF-8"?>
<!-- Generated by org.testng.reporters.JUnitReportReporter -->
<testsuite hostname="ID-0462" name="com.incessant.uiautomation.pages.TestWorkgroup_Filter" tests="1" failures="0" timestamp="16 Apr 2018 04:39:10 GMT" time="25.188" errors="0">
  <testcase name="workgroup_Filter" time="25.188" classname="com.incessant.uiautomation.pages.TestWorkgroup_Filter"/>
</testsuite> <!-- com.incessant.uiautomation.pages.TestWorkgroup_Filter -->
