<?xml version="1.0" encoding="UTF-8"?>
<!-- Generated by org.testng.reporters.JUnitReportReporter -->
<testsuite hostname="ID-0462" name="com.incessant.uiautomation.pages.TestNewISGCase" tests="1" failures="0" timestamp="16 Apr 2018 04:05:31 GMT" time="105.359" errors="0">
  <testcase name="createISGCaseByUser_US21375" time="105.359" classname="com.incessant.uiautomation.pages.TestNewISGCase"/>
</testsuite> <!-- com.incessant.uiautomation.pages.TestNewISGCase -->
