<?xml version="1.0" encoding="UTF-8"?>
<!-- Generated by org.testng.reporters.JUnitReportReporter -->
<testsuite hostname="ID-0462" name="com.incessant.uiautomation.pages.Sample_US31540" tests="1" failures="0" timestamp="18 Apr 2018 09:08:02 GMT" time="89.097" errors="0">
  <testcase name="m1" time="89.097" classname="com.incessant.uiautomation.pages.Sample_US31540"/>
</testsuite> <!-- com.incessant.uiautomation.pages.Sample_US31540 -->
