<?xml version="1.0" encoding="UTF-8"?>
<!-- Generated by org.testng.reporters.JUnitReportReporter -->
<testsuite hostname="ID-0462" name="com.incessant.uiautomation.pages.US21363_SendCaseEmail" tests="1" failures="0" timestamp="21 Apr 2018 14:20:18 GMT" time="127.935" errors="0">
  <testcase name="US21363_SendCaseEmail" time="127.935" classname="com.incessant.uiautomation.pages.US21363_SendCaseEmail"/>
</testsuite> <!-- com.incessant.uiautomation.pages.US21363_SendCaseEmail -->
